<?xml version="1.0" encoding="UTF-8"?>
<!-- Generated by org.testng.reporters.JUnitReportReporter -->
<testsuite hostname="LAPTOP-IFFP6P5H" failures="0" tests="1" name="democlass.DemoPractice" time="5.325" errors="0" timestamp="2023-05-12T13:50:02 IST" skipped="0">
  <testcase classname="democlass.DemoPractice" name="login" time="5.325"/>
  <system-out/>
</testsuite> <!-- democlass.DemoPractice -->
