<?xml version="1.0" encoding="UTF-8"?>
<!-- Generated by org.testng.reporters.JUnitReportReporter -->
<testsuite hostname="LAPTOP-IFFP6P5H" failures="0" tests="1" name="day1.ShopclueAddToCart" time="0.224" errors="0" timestamp="2023-04-07T14:57:32 IST" skipped="0">
  <testcase classname="day1.ShopclueAddToCart" name="dragAllImages" time="0.224"/>
  <system-out/>
</testsuite> <!-- day1.ShopclueAddToCart -->
