<?xml version="1.0" encoding="UTF-8"?>
<!-- Generated by org.testng.reporters.JUnitReportReporter -->
<testsuite hostname="LAPTOP-IFFP6P5H" failures="0" tests="1" name="day3.DemoBing" time="6.083" errors="0" timestamp="2023-03-03T09:55:40 IST" skipped="0">
  <testcase classname="day3.DemoBing" name="demoBing" time="6.083"/>
  <system-out/>
</testsuite> <!-- day3.DemoBing -->
