<?xml version="1.0" encoding="UTF-8"?>
<!-- Generated by org.testng.reporters.JUnitReportReporter -->
<testsuite hostname="LAPTOP-IFFP6P5H" failures="0" tests="1" name="day4.PrintPageLink" time="76.328" errors="0" timestamp="2023-03-08T20:07:17 IST" skipped="0">
  <testcase classname="day4.PrintPageLink" name="printAllLink" time="76.328"/>
  <system-out/>
</testsuite> <!-- day4.PrintPageLink -->
