<?xml version="1.0" encoding="UTF-8"?>
<!-- Generated by org.testng.reporters.JUnitReportReporter -->
<testsuite hostname="LAPTOP-IFFP6P5H" failures="0" tests="1" name="day4.FileDownload" time="19.343" errors="0" timestamp="2023-03-13T09:49:57 IST" skipped="0">
  <testcase classname="day4.FileDownload" name="fileUpload" time="19.343"/>
  <system-out/>
</testsuite> <!-- day4.FileDownload -->
