<?xml version="1.0" encoding="UTF-8"?>
<!-- Generated by org.testng.reporters.JUnitReportReporter -->
<testsuite hostname="LAPTOP-IFFP6P5H" failures="0" tests="1" name="day1.handlingUnexpectedAlert" time="19.247" errors="0" timestamp="2023-03-07T19:48:49 IST" skipped="0">
  <testcase classname="day1.handlingUnexpectedAlert" name="handleAlertUnexpected" time="19.247"/>
  <system-out/>
</testsuite> <!-- day1.handlingUnexpectedAlert -->
