<?xml version="1.0" encoding="UTF-8"?>
<!-- Generated by org.testng.reporters.JUnitReportReporter -->
<testsuite hostname="LAPTOP-IFFP6P5H" failures="0" tests="3" name="day3.MouseActions" time="29.343" errors="0" timestamp="2023-03-25T18:32:36 IST" skipped="0">
  <testcase classname="day3.MouseActions" name="mouseActionsDragDropBy" time="9.808"/>
  <system-out/>
  <testcase classname="day3.MouseActions" name="mouseActionsMoveToElement" time="2.754"/>
  <system-out/>
  <testcase classname="day3.MouseActions" name="mouseActionsDragAndDrop" time="16.781"/>
  <system-out/>
</testsuite> <!-- day3.MouseActions -->
