<?xml version="1.0" encoding="UTF-8"?>
<!-- Generated by org.testng.reporters.JUnitReportReporter -->
<testsuite hostname="LAPTOP-IFFP6P5H" failures="0" tests="1" name="day4.PromtAlert" time="15.781" errors="0" timestamp="2023-03-04T13:07:46 IST" skipped="0">
  <testcase classname="day4.PromtAlert" name="promptAlerthandling" time="15.781"/>
  <system-out/>
</testsuite> <!-- day4.PromtAlert -->
