<?xml version="1.0" encoding="UTF-8"?>
<!-- Generated by org.testng.reporters.JUnitReportReporter -->
<testsuite hostname="LAPTOP-IFFP6P5H" failures="0" tests="1" name="day4.ReportissueMantis" time="19.669" errors="0" timestamp="2023-03-04T13:21:52 IST" skipped="0">
  <testcase classname="day4.ReportissueMantis" name="submitIssue" time="19.669"/>
  <system-out/>
</testsuite> <!-- day4.ReportissueMantis -->
