<?xml version="1.0" encoding="UTF-8"?>
<!-- Generated by org.testng.reporters.JUnitReportReporter -->
<testsuite hostname="LAPTOP-IFFP6P5H" failures="0" tests="1" name="day1.HandlingWebtable" time="6.167" errors="0" timestamp="2023-03-07T20:16:40 IST" skipped="0">
  <testcase classname="day1.HandlingWebtable" name="tablehandling" time="6.167"/>
  <system-out/>
</testsuite> <!-- day1.HandlingWebtable -->
