<?xml version="1.0" encoding="UTF-8"?>
<!-- Generated by org.testng.reporters.JUnitReportReporter -->
<testsuite hostname="LAPTOP-IFFP6P5H" failures="0" tests="1" name="day7.GridThree" time="20.423" errors="0" timestamp="2023-03-04T11:12:57 IST" skipped="0">
  <testcase classname="day7.GridThree" name="fisrt" time="20.423"/>
  <system-out/>
</testsuite> <!-- day7.GridThree -->
