<?xml version="1.0" encoding="UTF-8"?>
<!-- Generated by org.testng.reporters.JUnitReportReporter -->
<testsuite hostname="LAPTOP-IFFP6P5H" failures="0" tests="1" name="day8.DemoDatabase" time="4.264" errors="0" timestamp="2023-03-14T11:32:55 IST" skipped="0">
  <testcase classname="day8.DemoDatabase" name="demoDatabaseTesting" time="4.264"/>
  <system-out/>
</testsuite> <!-- day8.DemoDatabase -->
