<?xml version="1.0" encoding="UTF-8"?>
<!-- Generated by org.testng.reporters.JUnitReportReporter -->
<testsuite hostname="LAPTOP-IFFP6P5H" failures="0" tests="1" name="day1.DatePicker" time="6.774" errors="0" timestamp="2023-03-08T11:21:08 IST" skipped="0">
  <testcase classname="day1.DatePicker" name="handlingDatePicker" time="6.774"/>
  <system-out/>
</testsuite> <!-- day1.DatePicker -->
