<?xml version="1.0" encoding="UTF-8"?>
<!-- Generated by org.testng.reporters.JUnitReportReporter -->
<testsuite hostname="LAPTOP-IFFP6P5H" failures="0" tests="1" name="day5.DemoScreenshot" time="7.473" errors="0" timestamp="2023-04-06T18:10:02 IST" skipped="0">
  <testcase classname="day5.DemoScreenshot" name="takeSceenshot" time="7.473"/>
  <system-out/>
</testsuite> <!-- day5.DemoScreenshot -->
