<?xml version="1.0" encoding="UTF-8"?>
<!-- Generated by org.testng.reporters.JUnitReportReporter -->
<testsuite hostname="LAPTOP-IFFP6P5H" failures="0" tests="1" name="day1.DemoScroll" time="21.591" errors="0" timestamp="2023-03-02T10:01:18 IST" skipped="0">
  <testcase classname="day1.DemoScroll" name="scrollExample" time="21.591"/>
  <system-out/>
</testsuite> <!-- day1.DemoScroll -->
