<?xml version="1.0" encoding="UTF-8"?>
<!-- Generated by org.testng.reporters.JUnitReportReporter -->
<testsuite hostname="LAPTOP-IFFP6P5H" failures="0" tests="1" name="day1.BasicAuth" time="6.576" errors="0" timestamp="2023-05-12T13:21:11 IST" skipped="0">
  <testcase classname="day1.BasicAuth" name="basicAuth" time="6.576"/>
  <system-out/>
</testsuite> <!-- day1.BasicAuth -->
