<?xml version="1.0" encoding="UTF-8"?>
<!-- Generated by org.testng.reporters.JUnitReportReporter -->
<testsuite hostname="LAPTOP-IFFP6P5H" failures="0" tests="1" name="day4.OrangeHRM" time="21.922" errors="0" timestamp="2023-03-03T10:40:23 IST" skipped="0">
  <testcase classname="day4.OrangeHRM" name="hrmLogin" time="21.922"/>
  <system-out/>
</testsuite> <!-- day4.OrangeHRM -->
