<?xml version="1.0" encoding="UTF-8"?>
<!-- Generated by org.testng.reporters.JUnitReportReporter -->
<testsuite hostname="LAPTOP-IFFP6P5H" failures="0" tests="1" name="day6.DemoExtend" time="3.826" errors="0" timestamp="2023-03-16T11:02:25 IST" skipped="0">
  <testcase classname="day6.DemoExtend" name="exampleExtent" time="3.826"/>
  <system-out/>
</testsuite> <!-- day6.DemoExtend -->
