<?xml version="1.0" encoding="UTF-8"?>
<!-- Generated by org.testng.reporters.JUnitReportReporter -->
<testsuite hostname="LAPTOP-IFFP6P5H" failures="0" tests="1" name="day1.DropDownSorted" time="37.721" errors="0" timestamp="2023-03-08T11:56:04 IST" skipped="0">
  <testcase classname="day1.DropDownSorted" name="dropdownSorted" time="37.721"/>
  <system-out/>
</testsuite> <!-- day1.DropDownSorted -->
