<?xml version="1.0" encoding="UTF-8"?>
<!-- Generated by org.testng.reporters.JUnitReportReporter -->
<testsuite hostname="LAPTOP-IFFP6P5H" failures="0" tests="1" name="day5.demoPF" time="12.378" errors="0" timestamp="2023-03-03T12:27:01 IST" skipped="0">
  <testcase classname="day5.demoPF" name="executePF" time="12.378"/>
  <system-out/>
</testsuite> <!-- day5.demoPF -->
