<?xml version="1.0" encoding="UTF-8"?>
<!-- Generated by org.testng.reporters.JUnitReportReporter -->
<testsuite hostname="LAPTOP-IFFP6P5H" failures="0" tests="1" name="day5.UploadFile" time="9.630" errors="0" timestamp="2023-03-03T12:59:12 IST" skipped="0">
  <testcase classname="day5.UploadFile" name="founditUpload" time="9.630"/>
  <system-out/>
</testsuite> <!-- day5.UploadFile -->
