<?xml version="1.0" encoding="UTF-8"?>
<!-- Generated by org.testng.reporters.JUnitReportReporter -->
<testsuite hostname="LAPTOP-IFFP6P5H" failures="0" tests="1" name="day5.DiffernentJSECommand" time="6.832" errors="0" timestamp="2023-03-13T09:26:12 IST" skipped="0">
  <testcase classname="day5.DiffernentJSECommand" name="differentCommand" time="6.832"/>
  <system-out/>
</testsuite> <!-- day5.DiffernentJSECommand -->
