<?xml version="1.0" encoding="UTF-8"?>
<!-- Generated by org.testng.reporters.JUnitReportReporter -->
<testsuite hostname="LAPTOP-IFFP6P5H" failures="0" tests="1" name="day2.NavigateCommand" time="22.351" errors="0" timestamp="2023-03-08T19:19:34 IST" skipped="0">
  <testcase classname="day2.NavigateCommand" name="diffNavigateCommand" time="22.351"/>
  <system-out/>
</testsuite> <!-- day2.NavigateCommand -->
