<?xml version="1.0" encoding="UTF-8"?>
<!-- Generated by org.testng.reporters.JUnitReportReporter -->
<testsuite hostname="LAPTOP-IFFP6P5H" failures="0" tests="1" name="day4.CookieHandling" time="22.973" errors="0" timestamp="2023-03-11T10:21:30 IST" skipped="0">
  <testcase classname="day4.CookieHandling" name="cookieHandling" time="22.973"/>
  <system-out/>
</testsuite> <!-- day4.CookieHandling -->
