<?xml version="1.0" encoding="UTF-8"?>
<!-- Generated by org.testng.reporters.JUnitReportReporter -->
<testsuite hostname="LAPTOP-IFFP6P5H" failures="0" tests="2" name="day3.OpenSiteInDifferantWindow" time="64.286" errors="0" timestamp="2023-03-11T10:15:33 IST" skipped="0">
  <testcase classname="day3.OpenSiteInDifferantWindow" name="switchingWindow" time="57.122"/>
  <system-out/>
  <testcase classname="day3.OpenSiteInDifferantWindow" name="switchtab" time="7.164"/>
  <system-out/>
</testsuite> <!-- day3.OpenSiteInDifferantWindow -->
