<?xml version="1.0" encoding="UTF-8"?>
<!-- Generated by org.testng.reporters.JUnitReportReporter -->
<testsuite hostname="LAPTOP-IFFP6P5H" failures="0" tests="1" name="day6.SelGrid" time="11.978" errors="0" timestamp="2023-03-04T10:37:26 IST" skipped="0">
  <testcase classname="day6.SelGrid" name="exGrid" time="11.978"/>
  <system-out/>
</testsuite> <!-- day6.SelGrid -->
