<?xml version="1.0" encoding="UTF-8"?>
<!-- Generated by org.testng.reporters.JUnitReportReporter -->
<testsuite hostname="LAPTOP-IFFP6P5H" failures="0" tests="1" name="day4.AmazonIframe" time="49.358" errors="0" timestamp="2023-03-14T12:45:44 IST" skipped="0">
  <testcase classname="day4.AmazonIframe" name="iframeTesting" time="49.358"/>
  <system-out/>
</testsuite> <!-- day4.AmazonIframe -->
