<?xml version="1.0" encoding="UTF-8"?>
<!-- Generated by org.testng.reporters.JUnitReportReporter -->
<testsuite hostname="LAPTOP-IFFP6P5H" failures="0" tests="1" name="day7.GridOne" time="12.631" errors="0" timestamp="2023-03-04T11:12:57 IST" skipped="0">
  <testcase classname="day7.GridOne" name="fisrt" time="12.631"/>
  <system-out/>
</testsuite> <!-- day7.GridOne -->
