<?xml version="1.0" encoding="UTF-8"?>
<!-- Generated by org.testng.reporters.JUnitReportReporter -->
<testsuite hostname="LAPTOP-IFFP6P5H" failures="0" tests="1" name="day3.GoogleSearch" time="17.409" errors="0" timestamp="2023-03-25T18:31:01 IST" skipped="0">
  <testcase classname="day3.GoogleSearch" name="clickingAppropriateSearchtext" time="17.409"/>
  <system-out/>
</testsuite> <!-- day3.GoogleSearch -->
