<?xml version="1.0" encoding="UTF-8"?>
<!-- Generated by org.testng.reporters.JUnitReportReporter -->
<testsuite hostname="LAPTOP-IFFP6P5H" failures="0" tests="1" name="day2.DemoDragDrop" time="37.975" errors="0" timestamp="2023-05-24T14:46:55 IST" skipped="0">
  <testcase classname="day2.DemoDragDrop" name="dragAndDrop" time="37.975"/>
  <system-out/>
</testsuite> <!-- day2.DemoDragDrop -->
