<?xml version="1.0" encoding="UTF-8"?>
<!-- Generated by org.testng.reporters.JUnitReportReporter -->
<testsuite hostname="LAPTOP-IFFP6P5H" failures="0" tests="5" name="day5.DemoDataProviderWithExcel" time="0.267" errors="0" timestamp="2023-03-27T19:14:53 IST" skipped="0">
  <testcase classname="day5.DemoDataProviderWithExcel" name="printData" time="0.012"/>
  <system-out/>
  <testcase classname="day5.DemoDataProviderWithExcel" name="printData" time="0.209"/>
  <system-out/>
  <testcase classname="day5.DemoDataProviderWithExcel" name="printData" time="0.011"/>
  <system-out/>
  <testcase classname="day5.DemoDataProviderWithExcel" name="printData" time="0.018"/>
  <system-out/>
  <testcase classname="day5.DemoDataProviderWithExcel" name="printData" time="0.017"/>
  <system-out/>
</testsuite> <!-- day5.DemoDataProviderWithExcel -->
